[main:3069] 2017-06-15 11:05:04(org.springframework.boot.SpringApplication) - [ERROR] Application startup failed
org.springframework.beans.factory.BeanCreationException: Error creating bean with name 'sampleController' defined in file [E:\Git\MyRepository\spring-boot-demo\spring-boot-consumer\target\classes\com\yhq\dubbo\consumer\web\controller\SampleController.class]: Initialization of bean failed; nested exception is java.lang.NoClassDefFoundError: org/apache/log4j/Logger
	at org.springframework.beans.factory.support.AbstractAutowireCapableBeanFactory.doCreateBean(AbstractAutowireCapableBeanFactory.java:564) ~[spring-beans-4.3.8.RELEASE.jar:4.3.8.RELEASE]
	at org.springframework.beans.factory.support.AbstractAutowireCapableBeanFactory.createBean(AbstractAutowireCapableBeanFactory.java:483) ~[spring-beans-4.3.8.RELEASE.jar:4.3.8.RELEASE]
	at org.springframework.beans.factory.support.AbstractBeanFactory$1.getObject(AbstractBeanFactory.java:306) ~[spring-beans-4.3.8.RELEASE.jar:4.3.8.RELEASE]
	at org.springframework.beans.factory.support.DefaultSingletonBeanRegistry.getSingleton(DefaultSingletonBeanRegistry.java:230) ~[spring-beans-4.3.8.RELEASE.jar:4.3.8.RELEASE]
	at org.springframework.beans.factory.support.AbstractBeanFactory.doGetBean(AbstractBeanFactory.java:302) ~[spring-beans-4.3.8.RELEASE.jar:4.3.8.RELEASE]
	at org.springframework.beans.factory.support.AbstractBeanFactory.getBean(AbstractBeanFactory.java:197) ~[spring-beans-4.3.8.RELEASE.jar:4.3.8.RELEASE]
	at org.springframework.beans.factory.support.DefaultListableBeanFactory.preInstantiateSingletons(DefaultListableBeanFactory.java:761) ~[spring-beans-4.3.8.RELEASE.jar:4.3.8.RELEASE]
	at org.springframework.context.support.AbstractApplicationContext.finishBeanFactoryInitialization(AbstractApplicationContext.java:866) ~[spring-context-4.3.8.RELEASE.jar:4.3.8.RELEASE]
	at org.springframework.context.support.AbstractApplicationContext.refresh(AbstractApplicationContext.java:542) ~[spring-context-4.3.8.RELEASE.jar:4.3.8.RELEASE]
	at org.springframework.boot.context.embedded.EmbeddedWebApplicationContext.refresh(EmbeddedWebApplicationContext.java:122) ~[spring-boot-1.5.3.RELEASE.jar:1.5.3.RELEASE]
	at org.springframework.boot.SpringApplication.refresh(SpringApplication.java:737) [spring-boot-1.5.3.RELEASE.jar:1.5.3.RELEASE]
	at org.springframework.boot.SpringApplication.refreshContext(SpringApplication.java:370) [spring-boot-1.5.3.RELEASE.jar:1.5.3.RELEASE]
	at org.springframework.boot.SpringApplication.run(SpringApplication.java:314) [spring-boot-1.5.3.RELEASE.jar:1.5.3.RELEASE]
	at org.springframework.boot.SpringApplication.run(SpringApplication.java:1162) [spring-boot-1.5.3.RELEASE.jar:1.5.3.RELEASE]
	at org.springframework.boot.SpringApplication.run(SpringApplication.java:1151) [spring-boot-1.5.3.RELEASE.jar:1.5.3.RELEASE]
	at com.yhq.dubbo.consumer.ConsumerLoader.main(ConsumerLoader.java:18) [classes/:?]
Caused by: java.lang.NoClassDefFoundError: org/apache/log4j/Logger
	at org.I0Itec.zkclient.ZkClient.<clinit>(ZkClient.java:57) ~[zkclient-0.1.jar:?]
	at com.alibaba.dubbo.remoting.zookeeper.zkclient.ZkclientZookeeperClient.<init>(ZkclientZookeeperClient.java:26) ~[dubbo-2.8.4.jar:2.8.4]
	at com.alibaba.dubbo.remoting.zookeeper.zkclient.ZkclientZookeeperTransporter.connect(ZkclientZookeeperTransporter.java:10) ~[dubbo-2.8.4.jar:2.8.4]
	at com.alibaba.dubbo.remoting.zookeeper.ZookeeperTransporter$Adpative.connect(ZookeeperTransporter$Adpative.java) ~[dubbo-2.8.4.jar:2.8.4]
	at com.alibaba.dubbo.registry.zookeeper.ZookeeperRegistry.<init>(ZookeeperRegistry.java:69) ~[dubbo-2.8.4.jar:2.8.4]
	at com.alibaba.dubbo.registry.zookeeper.ZookeeperRegistryFactory.createRegistry(ZookeeperRegistryFactory.java:37) ~[dubbo-2.8.4.jar:2.8.4]
	at com.alibaba.dubbo.registry.support.AbstractRegistryFactory.getRegistry(AbstractRegistryFactory.java:94) ~[dubbo-2.8.4.jar:2.8.4]
	at com.alibaba.dubbo.registry.RegistryFactory$Adpative.getRegistry(RegistryFactory$Adpative.java) ~[dubbo-2.8.4.jar:2.8.4]
	at com.alibaba.dubbo.registry.integration.RegistryProtocol.refer(RegistryProtocol.java:240) ~[dubbo-2.8.4.jar:2.8.4]
	at com.alibaba.dubbo.rpc.protocol.ProtocolFilterWrapper.refer(ProtocolFilterWrapper.java:60) ~[dubbo-2.8.4.jar:2.8.4]
	at com.alibaba.dubbo.rpc.protocol.ProtocolListenerWrapper.refer(ProtocolListenerWrapper.java:63) ~[dubbo-2.8.4.jar:2.8.4]
	at com.alibaba.dubbo.rpc.Protocol$Adpative.refer(Protocol$Adpative.java) ~[dubbo-2.8.4.jar:2.8.4]
	at com.alibaba.dubbo.config.ReferenceConfig.createProxy(ReferenceConfig.java:392) ~[dubbo-2.8.4.jar:2.8.4]
	at com.alibaba.dubbo.config.ReferenceConfig.init(ReferenceConfig.java:300) ~[dubbo-2.8.4.jar:2.8.4]
	at com.alibaba.dubbo.config.ReferenceConfig.get(ReferenceConfig.java:138) ~[dubbo-2.8.4.jar:2.8.4]
	at com.alibaba.dubbo.config.spring.AnnotationBean.refer(AnnotationBean.java:317) ~[dubbo-2.8.4.jar:2.8.4]
	at com.alibaba.dubbo.config.spring.AnnotationBean.postProcessBeforeInitialization(AnnotationBean.java:246) ~[dubbo-2.8.4.jar:2.8.4]
	at org.springframework.beans.factory.support.AbstractAutowireCapableBeanFactory.applyBeanPostProcessorsBeforeInitialization(AbstractAutowireCapableBeanFactory.java:409) ~[spring-beans-4.3.8.RELEASE.jar:4.3.8.RELEASE]
	at org.springframework.beans.factory.support.AbstractAutowireCapableBeanFactory.initializeBean(AbstractAutowireCapableBeanFactory.java:1620) ~[spring-beans-4.3.8.RELEASE.jar:4.3.8.RELEASE]
	at org.springframework.beans.factory.support.AbstractAutowireCapableBeanFactory.doCreateBean(AbstractAutowireCapableBeanFactory.java:555) ~[spring-beans-4.3.8.RELEASE.jar:4.3.8.RELEASE]
	... 15 more
Caused by: java.lang.ClassNotFoundException: org.apache.log4j.Logger
	at java.net.URLClassLoader.findClass(URLClassLoader.java:381) ~[?:1.8.0_60]
	at java.lang.ClassLoader.loadClass(ClassLoader.java:424) ~[?:1.8.0_60]
	at sun.misc.Launcher$AppClassLoader.loadClass(Launcher.java:331) ~[?:1.8.0_60]
	at java.lang.ClassLoader.loadClass(ClassLoader.java:357) ~[?:1.8.0_60]
	at org.I0Itec.zkclient.ZkClient.<clinit>(ZkClient.java:57) ~[zkclient-0.1.jar:?]
	at com.alibaba.dubbo.remoting.zookeeper.zkclient.ZkclientZookeeperClient.<init>(ZkclientZookeeperClient.java:26) ~[dubbo-2.8.4.jar:2.8.4]
	at com.alibaba.dubbo.remoting.zookeeper.zkclient.ZkclientZookeeperTransporter.connect(ZkclientZookeeperTransporter.java:10) ~[dubbo-2.8.4.jar:2.8.4]
	at com.alibaba.dubbo.remoting.zookeeper.ZookeeperTransporter$Adpative.connect(ZookeeperTransporter$Adpative.java) ~[dubbo-2.8.4.jar:2.8.4]
	at com.alibaba.dubbo.registry.zookeeper.ZookeeperRegistry.<init>(ZookeeperRegistry.java:69) ~[dubbo-2.8.4.jar:2.8.4]
	at com.alibaba.dubbo.registry.zookeeper.ZookeeperRegistryFactory.createRegistry(ZookeeperRegistryFactory.java:37) ~[dubbo-2.8.4.jar:2.8.4]
	at com.alibaba.dubbo.registry.support.AbstractRegistryFactory.getRegistry(AbstractRegistryFactory.java:94) ~[dubbo-2.8.4.jar:2.8.4]
	at com.alibaba.dubbo.registry.RegistryFactory$Adpative.getRegistry(RegistryFactory$Adpative.java) ~[dubbo-2.8.4.jar:2.8.4]
	at com.alibaba.dubbo.registry.integration.RegistryProtocol.refer(RegistryProtocol.java:240) ~[dubbo-2.8.4.jar:2.8.4]
	at com.alibaba.dubbo.rpc.protocol.ProtocolFilterWrapper.refer(ProtocolFilterWrapper.java:60) ~[dubbo-2.8.4.jar:2.8.4]
	at com.alibaba.dubbo.rpc.protocol.ProtocolListenerWrapper.refer(ProtocolListenerWrapper.java:63) ~[dubbo-2.8.4.jar:2.8.4]
	at com.alibaba.dubbo.rpc.Protocol$Adpative.refer(Protocol$Adpative.java) ~[dubbo-2.8.4.jar:2.8.4]
	at com.alibaba.dubbo.config.ReferenceConfig.createProxy(ReferenceConfig.java:392) ~[dubbo-2.8.4.jar:2.8.4]
	at com.alibaba.dubbo.config.ReferenceConfig.init(ReferenceConfig.java:300) ~[dubbo-2.8.4.jar:2.8.4]
	at com.alibaba.dubbo.config.ReferenceConfig.get(ReferenceConfig.java:138) ~[dubbo-2.8.4.jar:2.8.4]
	at com.alibaba.dubbo.config.spring.AnnotationBean.refer(AnnotationBean.java:317) ~[dubbo-2.8.4.jar:2.8.4]
	at com.alibaba.dubbo.config.spring.AnnotationBean.postProcessBeforeInitialization(AnnotationBean.java:246) ~[dubbo-2.8.4.jar:2.8.4]
	at org.springframework.beans.factory.support.AbstractAutowireCapableBeanFactory.applyBeanPostProcessorsBeforeInitialization(AbstractAutowireCapableBeanFactory.java:409) ~[spring-beans-4.3.8.RELEASE.jar:4.3.8.RELEASE]
	at org.springframework.beans.factory.support.AbstractAutowireCapableBeanFactory.initializeBean(AbstractAutowireCapableBeanFactory.java:1620) ~[spring-beans-4.3.8.RELEASE.jar:4.3.8.RELEASE]
	at org.springframework.beans.factory.support.AbstractAutowireCapableBeanFactory.doCreateBean(AbstractAutowireCapableBeanFactory.java:555) ~[spring-beans-4.3.8.RELEASE.jar:4.3.8.RELEASE]
	... 15 more
